<?xml version="1.0" encoding="UTF-8"?>
<!-- Generated by org.testng.reporters.JUnitReportReporter -->
<testsuite hostname="LAPTOP-F9TFC79N" failures="0" tests="1" name="testng.TNG_003" time="9.532" errors="0" timestamp="08 Jun 2023 03:21:01 GMT" skipped="0">
  <testcase classname="testng.TNG_003" name="amazon" time="9.532"/>
</testsuite> <!-- testng.TNG_003 -->
